Using pre-set license
Built from '2020.3/release' branch; Version is '2020.3.1f1 (77a89f25062f) revision 7841951'; Using compiler version '192528614'; Build Type 'Release'
OS: 'Windows 10 Home; OS build 19041.928; Version 2004; 64bit' Language: 'en' Physical Memory: 16226 MB
BatchMode: 1, IsHumanControllingUs: 0, StartBugReporterOnCrash: 0, Is64bit: 1, IsPro: 0

 COMMAND LINE ARGUMENTS:
C:\Program Files\Unity\Hub\Editor\2020.3.1f1\Editor\Unity.exe
-adb2
-batchMode
-noUpm
-name
AssetImportWorker0
-projectPath
D:/DDocuments/My Games/RobotKittensOpdracht/RobotKittensOpdrachtUnity
-logFile
Logs/AssetImportWorker0.log
-srvPort
64546
Successfully changed project path to: D:/DDocuments/My Games/RobotKittensOpdracht/RobotKittensOpdrachtUnity
D:/DDocuments/My Games/RobotKittensOpdracht/RobotKittensOpdrachtUnity
Using Asset Import Pipeline V2.
Refreshing native plugins compatible for Editor in 37.78 ms, found 0 plugins.
Preloading 0 native plugins for Editor in 0.00 ms.
Initialize engine version: 2020.3.1f1 (77a89f25062f)
[Subsystems] Discovering subsystems at path C:/Program Files/Unity/Hub/Editor/2020.3.1f1/Editor/Data/Resources/UnitySubsystems
[Subsystems] Discovering subsystems at path D:/DDocuments/My Games/RobotKittensOpdracht/RobotKittensOpdrachtUnity/Assets
GfxDevice: creating device client; threaded=0
Direct3D:
    Version:  Direct3D 11.0 [level 11.1]
    Renderer: NVIDIA GeForce GTX 1060 (ID=0x1c20)
    Vendor:   
    VRAM:     6052 MB
    Driver:   27.21.14.6192
Initialize mono
Mono path[0] = 'C:/Program Files/Unity/Hub/Editor/2020.3.1f1/Editor/Data/Managed'
Mono path[1] = 'C:/Program Files/Unity/Hub/Editor/2020.3.1f1/Editor/Data/MonoBleedingEdge/lib/mono/unityjit'
Mono config path = 'C:/Program Files/Unity/Hub/Editor/2020.3.1f1/Editor/Data/MonoBleedingEdge/etc'
Using monoOptions --debugger-agent=transport=dt_socket,embedding=1,server=y,suspend=n,address=127.0.0.1:56768
Begin MonoManager ReloadAssembly
Registering precompiled unity dll's ...
Register platform support module: C:/Program Files/Unity/Hub/Editor/2020.3.1f1/Editor/Data/PlaybackEngines/WindowsStandaloneSupport/UnityEditor.WindowsStandalone.Extensions.dll
Registered in 0.004168 seconds.
Native extension for WindowsStandalone target not found
Refreshing native plugins compatible for Editor in 37.89 ms, found 0 plugins.
Preloading 0 native plugins for Editor in 0.00 ms.
Invoked RoslynAnalysisRunner static constructor.
RoslynAnalysisRunner will not be running.
RoslynAnalysisRunner has terminated.
Mono: successfully reloaded assembly
- Completed reload, in  3.083 seconds
Platform modules already initialized, skipping
Registering precompiled user dll's ...
Registered in 0.000763 seconds.
Begin MonoManager ReloadAssembly
Native extension for WindowsStandalone target not found
Refreshing native plugins compatible for Editor in 0.27 ms, found 0 plugins.
Preloading 0 native plugins for Editor in 0.00 ms.
Invoked RoslynAnalysisRunner static constructor.
RoslynAnalysisRunner will not be running.
RoslynAnalysisRunner has terminated.
Mono: successfully reloaded assembly
- Completed reload, in  1.395 seconds
Platform modules already initialized, skipping
========================================================================
Worker process is ready to serve import requests
Launched and connected shader compiler UnityShaderCompiler.exe after 0.07 seconds
Refreshing native plugins compatible for Editor in 0.26 ms, found 0 plugins.
Preloading 0 native plugins for Editor in 0.00 ms.
Unloading 1113 Unused Serialized files (Serialized files now loaded: 0)
System memory in use before: 56.9 MB.
System memory in use after: 56.9 MB.

Unloading 10 unused Assets to reduce memory usage. Loaded Objects now: 1556.
Total: 2.282600 ms (FindLiveObjects: 0.171200 ms CreateObjectMapping: 0.052900 ms MarkObjects: 1.949900 ms  DeleteObjects: 0.107200 ms)

========================================================================
Received Import Request.
  path: Assets/rik.jpg
  artifactKey: Guid(2b24cbc63f275774baa02a3bdc91399a) Importer(815301076,1909f56bfc062723c751e8b465ee728b)
Start importing Assets/rik.jpg using Guid(2b24cbc63f275774baa02a3bdc91399a) Importer(815301076,1909f56bfc062723c751e8b465ee728b)  -> (artifact id: '99aed1901b37e39cc3ba86a471f5b6bc') in 0.185981 seconds
  Import took 0.189812 seconds .

========================================================================
Received Import Request.
  Time since last request: 1.279158 seconds.
  path: Assets/Script
  artifactKey: Guid(fc53cde851e1d704a9105fd3f438a93f) Importer(815301076,1909f56bfc062723c751e8b465ee728b)
Start importing Assets/Script using Guid(fc53cde851e1d704a9105fd3f438a93f) Importer(815301076,1909f56bfc062723c751e8b465ee728b)  -> (artifact id: 'bc9040afb6e0e3f2aea2d24ed461816a') in 0.002069 seconds
  Import took 0.004607 seconds .

========================================================================
Received Import Request.
  Time since last request: 0.921931 seconds.
  path: Assets
  artifactKey: Guid(00000000000000001000000000000000) Importer(815301076,1909f56bfc062723c751e8b465ee728b)
Start importing Assets using Guid(00000000000000001000000000000000) Importer(815301076,1909f56bfc062723c751e8b465ee728b)  -> (artifact id: 'a6374019befeac6ce670f13ba9960efb') in 0.001848 seconds
  Import took 0.004351 seconds .

========================================================================
Received Import Request.
  Time since last request: 5.462999 seconds.
  path: Assets/Images
  artifactKey: Guid(d25554215121e2c4aa7ecd5de5e5b4e3) Importer(815301076,1909f56bfc062723c751e8b465ee728b)
Start importing Assets/Images using Guid(d25554215121e2c4aa7ecd5de5e5b4e3) Importer(815301076,1909f56bfc062723c751e8b465ee728b)  -> (artifact id: 'ea0e40dea1989bca4cabfd8e1d54cd02') in 0.001861 seconds
  Import took 0.004714 seconds .

========================================================================
Received Import Request.
  Time since last request: 16.580966 seconds.
  path: Assets/Images/rik.jpg
  artifactKey: Guid(2b24cbc63f275774baa02a3bdc91399a) Importer(815301076,1909f56bfc062723c751e8b465ee728b)
Start importing Assets/Images/rik.jpg using Guid(2b24cbc63f275774baa02a3bdc91399a) Importer(815301076,1909f56bfc062723c751e8b465ee728b)  -> (artifact id: '3592f7318fcca99818fc03d71453ed70') in 0.075269 seconds
  Import took 0.078034 seconds .

========================================================================
Received Import Request.
  Time since last request: 16.457305 seconds.
  path: Assets/Prefabs
  artifactKey: Guid(7a47bb7e491b01e4688e42486be45d09) Importer(815301076,1909f56bfc062723c751e8b465ee728b)
Start importing Assets/Prefabs using Guid(7a47bb7e491b01e4688e42486be45d09) Importer(815301076,1909f56bfc062723c751e8b465ee728b)  -> (artifact id: '925d8c23f064a7492121a82eb391505c') in 0.001908 seconds
  Import took 0.004797 seconds .

========================================================================
Received Import Request.
  Time since last request: 3.656649 seconds.
  path: Assets/Prefabs/Profiel.prefab
  artifactKey: Guid(6bec7c45c9cdb0a49adf57dd8d97425f) Importer(815301076,1909f56bfc062723c751e8b465ee728b)
Start importing Assets/Prefabs/Profiel.prefab using Guid(6bec7c45c9cdb0a49adf57dd8d97425f) Importer(815301076,1909f56bfc062723c751e8b465ee728b)  -> (artifact id: '2e0ddf67007aed9e941760b701ba41bf') in 0.034490 seconds
  Import took 0.037272 seconds .

========================================================================
Received Prepare
Registering precompiled user dll's ...
Registered in 0.000790 seconds.
Begin MonoManager ReloadAssembly
Native extension for WindowsStandalone target not found
Refreshing native plugins compatible for Editor in 0.26 ms, found 0 plugins.
Preloading 0 native plugins for Editor in 0.00 ms.
Invoked RoslynAnalysisRunner static constructor.
RoslynAnalysisRunner will not be running.
RoslynAnalysisRunner has terminated.
Mono: successfully reloaded assembly
- Completed reload, in  1.272 seconds
Platform modules already initialized, skipping
Refreshing native plugins compatible for Editor in 0.27 ms, found 0 plugins.
Preloading 0 native plugins for Editor in 0.00 ms.
Unloading 1108 Unused Serialized files (Serialized files now loaded: 0)
System memory in use before: 60.0 MB.
System memory in use after: 60.1 MB.

Unloading 5 unused Assets to reduce memory usage. Loaded Objects now: 1568.
Total: 2.505500 ms (FindLiveObjects: 0.160800 ms CreateObjectMapping: 0.047700 ms MarkObjects: 2.238100 ms  DeleteObjects: 0.057400 ms)

========================================================================
Received Prepare
Registering precompiled user dll's ...
Registered in 0.000752 seconds.
Begin MonoManager ReloadAssembly
Native extension for WindowsStandalone target not found
Refreshing native plugins compatible for Editor in 0.31 ms, found 0 plugins.
Preloading 0 native plugins for Editor in 0.00 ms.
Invoked RoslynAnalysisRunner static constructor.
RoslynAnalysisRunner will not be running.
RoslynAnalysisRunner has terminated.
Mono: successfully reloaded assembly
- Completed reload, in  1.279 seconds
Platform modules already initialized, skipping
Refreshing native plugins compatible for Editor in 0.25 ms, found 0 plugins.
Preloading 0 native plugins for Editor in 0.00 ms.
Unloading 1108 Unused Serialized files (Serialized files now loaded: 0)
System memory in use before: 60.1 MB.
System memory in use after: 60.1 MB.

Unloading 5 unused Assets to reduce memory usage. Loaded Objects now: 1571.
Total: 2.328200 ms (FindLiveObjects: 0.235200 ms CreateObjectMapping: 0.054500 ms MarkObjects: 1.966900 ms  DeleteObjects: 0.069800 ms)

========================================================================
Received Prepare
Registering precompiled user dll's ...
Registered in 0.001038 seconds.
Begin MonoManager ReloadAssembly
Native extension for WindowsStandalone target not found
Refreshing native plugins compatible for Editor in 0.26 ms, found 0 plugins.
Preloading 0 native plugins for Editor in 0.00 ms.
Invoked RoslynAnalysisRunner static constructor.
RoslynAnalysisRunner will not be running.
RoslynAnalysisRunner has terminated.
Mono: successfully reloaded assembly
- Completed reload, in  1.295 seconds
Platform modules already initialized, skipping
Refreshing native plugins compatible for Editor in 0.25 ms, found 0 plugins.
Preloading 0 native plugins for Editor in 0.00 ms.
Unloading 1108 Unused Serialized files (Serialized files now loaded: 0)
System memory in use before: 60.1 MB.
System memory in use after: 60.1 MB.

Unloading 5 unused Assets to reduce memory usage. Loaded Objects now: 1574.
Total: 3.621900 ms (FindLiveObjects: 0.280900 ms CreateObjectMapping: 0.155900 ms MarkObjects: 3.109700 ms  DeleteObjects: 0.072900 ms)

========================================================================
Received Import Request.
  Time since last request: 611.353734 seconds.
  path: Assets/Prefabs/VerticalScrollView.prefab
  artifactKey: Guid(bcc6672c80b0b3a4aab5874a113cf3d4) Importer(815301076,1909f56bfc062723c751e8b465ee728b)
Start importing Assets/Prefabs/VerticalScrollView.prefab using Guid(bcc6672c80b0b3a4aab5874a113cf3d4) Importer(815301076,1909f56bfc062723c751e8b465ee728b)  -> (artifact id: '8040582124deb53c8934e291bcd9bd44') in 0.037626 seconds
  Import took 0.040430 seconds .

========================================================================
Received Import Request.
  Time since last request: 15.570840 seconds.
  path: Assets/Prefabs/VerticalScrollView.prefab
  artifactKey: Guid(bcc6672c80b0b3a4aab5874a113cf3d4) Importer(815301076,1909f56bfc062723c751e8b465ee728b)
Start importing Assets/Prefabs/VerticalScrollView.prefab using Guid(bcc6672c80b0b3a4aab5874a113cf3d4) Importer(815301076,1909f56bfc062723c751e8b465ee728b)  -> (artifact id: 'b83d963cd1605086188852065e74fd46') in 0.021860 seconds
  Import took 0.024815 seconds .

========================================================================
Received Import Request.
  Time since last request: 0.005608 seconds.
  path: Assets/Prefabs/VerticalScrollView.prefab
  artifactKey: Guid(bcc6672c80b0b3a4aab5874a113cf3d4) Importer(815301076,1909f56bfc062723c751e8b465ee728b)
Start importing Assets/Prefabs/VerticalScrollView.prefab using Guid(bcc6672c80b0b3a4aab5874a113cf3d4) Importer(815301076,1909f56bfc062723c751e8b465ee728b)  -> (artifact id: 'b83d963cd1605086188852065e74fd46') in 0.005552 seconds
  Import took 0.008388 seconds .

========================================================================
Received Import Request.
  Time since last request: 38.525445 seconds.
  path: Assets/Prefabs/VerticalScrollView.prefab
  artifactKey: Guid(bcc6672c80b0b3a4aab5874a113cf3d4) Importer(815301076,1909f56bfc062723c751e8b465ee728b)
Start importing Assets/Prefabs/VerticalScrollView.prefab using Guid(bcc6672c80b0b3a4aab5874a113cf3d4) Importer(815301076,1909f56bfc062723c751e8b465ee728b)  -> (artifact id: '3ff9c9f4ebdf916a7f2a849152e17a9c') in 0.005541 seconds
  Import took 0.008466 seconds .

========================================================================
Received Prepare
Registering precompiled user dll's ...
Registered in 0.000886 seconds.
Begin MonoManager ReloadAssembly
Native extension for WindowsStandalone target not found
Refreshing native plugins compatible for Editor in 0.26 ms, found 0 plugins.
Preloading 0 native plugins for Editor in 0.00 ms.
Invoked RoslynAnalysisRunner static constructor.
RoslynAnalysisRunner will not be running.
RoslynAnalysisRunner has terminated.
Mono: successfully reloaded assembly
- Completed reload, in  1.266 seconds
Platform modules already initialized, skipping
Refreshing native plugins compatible for Editor in 0.27 ms, found 0 plugins.
Preloading 0 native plugins for Editor in 0.00 ms.
Unloading 1108 Unused Serialized files (Serialized files now loaded: 0)
System memory in use before: 60.1 MB.
System memory in use after: 60.2 MB.

Unloading 5 unused Assets to reduce memory usage. Loaded Objects now: 1577.
Total: 2.547000 ms (FindLiveObjects: 0.345100 ms CreateObjectMapping: 0.120500 ms MarkObjects: 2.016800 ms  DeleteObjects: 0.061500 ms)

========================================================================
Received Prepare
Registering precompiled user dll's ...
Registered in 0.000776 seconds.
Begin MonoManager ReloadAssembly
Native extension for WindowsStandalone target not found
Refreshing native plugins compatible for Editor in 0.27 ms, found 0 plugins.
Preloading 0 native plugins for Editor in 0.00 ms.
Invoked RoslynAnalysisRunner static constructor.
RoslynAnalysisRunner will not be running.
RoslynAnalysisRunner has terminated.
Mono: successfully reloaded assembly
- Completed reload, in  1.270 seconds
Platform modules already initialized, skipping
Refreshing native plugins compatible for Editor in 0.26 ms, found 0 plugins.
Preloading 0 native plugins for Editor in 0.00 ms.
Unloading 1109 Unused Serialized files (Serialized files now loaded: 0)
System memory in use before: 60.1 MB.
System memory in use after: 60.2 MB.

Unloading 5 unused Assets to reduce memory usage. Loaded Objects now: 1581.
Total: 2.430400 ms (FindLiveObjects: 0.179400 ms CreateObjectMapping: 0.054500 ms MarkObjects: 2.128600 ms  DeleteObjects: 0.066000 ms)

========================================================================
Received Import Request.
  Time since last request: 114.853796 seconds.
  path: Assets/Script/ContactPersoonScroll.cs
  artifactKey: Guid(a6faebb0625af774e8fad6ca74c7dedf) Importer(815301076,1909f56bfc062723c751e8b465ee728b)
Start importing Assets/Script/ContactPersoonScroll.cs using Guid(a6faebb0625af774e8fad6ca74c7dedf) Importer(815301076,1909f56bfc062723c751e8b465ee728b)  -> (artifact id: '8c9fa16fe7caa1f6a6075f6adf252363') in 0.012559 seconds
  Import took 0.015221 seconds .

========================================================================
Received Prepare
Registering precompiled user dll's ...
Registered in 0.000774 seconds.
Begin MonoManager ReloadAssembly
Native extension for WindowsStandalone target not found
Refreshing native plugins compatible for Editor in 0.28 ms, found 0 plugins.
Preloading 0 native plugins for Editor in 0.00 ms.
Invoked RoslynAnalysisRunner static constructor.
RoslynAnalysisRunner will not be running.
RoslynAnalysisRunner has terminated.
Mono: successfully reloaded assembly
- Completed reload, in  1.328 seconds
Platform modules already initialized, skipping
Refreshing native plugins compatible for Editor in 0.31 ms, found 0 plugins.
Preloading 0 native plugins for Editor in 0.00 ms.
Unloading 1109 Unused Serialized files (Serialized files now loaded: 0)
System memory in use before: 60.1 MB.
System memory in use after: 60.2 MB.

Unloading 5 unused Assets to reduce memory usage. Loaded Objects now: 1584.
Total: 2.284500 ms (FindLiveObjects: 0.164900 ms CreateObjectMapping: 0.050700 ms MarkObjects: 2.002100 ms  DeleteObjects: 0.065400 ms)

========================================================================
Received Prepare
Registering precompiled user dll's ...
Registered in 0.000793 seconds.
Begin MonoManager ReloadAssembly
Native extension for WindowsStandalone target not found
Refreshing native plugins compatible for Editor in 0.27 ms, found 0 plugins.
Preloading 0 native plugins for Editor in 0.00 ms.
Invoked RoslynAnalysisRunner static constructor.
RoslynAnalysisRunner will not be running.
RoslynAnalysisRunner has terminated.
Mono: successfully reloaded assembly
- Completed reload, in  1.271 seconds
Platform modules already initialized, skipping
Refreshing native plugins compatible for Editor in 0.25 ms, found 0 plugins.
Preloading 0 native plugins for Editor in 0.00 ms.
Unloading 1109 Unused Serialized files (Serialized files now loaded: 0)
System memory in use before: 60.1 MB.
System memory in use after: 60.2 MB.

Unloading 5 unused Assets to reduce memory usage. Loaded Objects now: 1587.
Total: 2.448500 ms (FindLiveObjects: 0.184100 ms CreateObjectMapping: 0.054800 ms MarkObjects: 2.143500 ms  DeleteObjects: 0.064800 ms)

========================================================================
Received Import Request.
  Time since last request: 146.808693 seconds.
  path: Assets/Script/ContactPersoonScroll.cs
  artifactKey: Guid(a6faebb0625af774e8fad6ca74c7dedf) Importer(815301076,1909f56bfc062723c751e8b465ee728b)
Start importing Assets/Script/ContactPersoonScroll.cs using Guid(a6faebb0625af774e8fad6ca74c7dedf) Importer(815301076,1909f56bfc062723c751e8b465ee728b)  -> (artifact id: '4e0946b290aa5ecf673a3cad84acb593') in 0.004772 seconds
  Import took 0.007399 seconds .

========================================================================
Received Prepare
Registering precompiled user dll's ...
Registered in 0.000773 seconds.
Begin MonoManager ReloadAssembly
Native extension for WindowsStandalone target not found
Refreshing native plugins compatible for Editor in 0.35 ms, found 0 plugins.
Preloading 0 native plugins for Editor in 0.00 ms.
Invoked RoslynAnalysisRunner static constructor.
RoslynAnalysisRunner will not be running.
RoslynAnalysisRunner has terminated.
Mono: successfully reloaded assembly
- Completed reload, in  1.348 seconds
Platform modules already initialized, skipping
Refreshing native plugins compatible for Editor in 0.26 ms, found 0 plugins.
Preloading 0 native plugins for Editor in 0.00 ms.
Unloading 1109 Unused Serialized files (Serialized files now loaded: 0)
System memory in use before: 60.1 MB.
System memory in use after: 60.2 MB.

Unloading 5 unused Assets to reduce memory usage. Loaded Objects now: 1590.
Total: 2.213100 ms (FindLiveObjects: 0.180400 ms CreateObjectMapping: 0.053600 ms MarkObjects: 1.912200 ms  DeleteObjects: 0.065000 ms)

========================================================================
Received Prepare
Registering precompiled user dll's ...
Registered in 0.000815 seconds.
Begin MonoManager ReloadAssembly
Native extension for WindowsStandalone target not found
Refreshing native plugins compatible for Editor in 0.41 ms, found 0 plugins.
Preloading 0 native plugins for Editor in 0.00 ms.
Invoked RoslynAnalysisRunner static constructor.
RoslynAnalysisRunner will not be running.
RoslynAnalysisRunner has terminated.
Mono: successfully reloaded assembly
- Completed reload, in  1.290 seconds
Platform modules already initialized, skipping
Refreshing native plugins compatible for Editor in 0.32 ms, found 0 plugins.
Preloading 0 native plugins for Editor in 0.00 ms.
Unloading 1109 Unused Serialized files (Serialized files now loaded: 0)
System memory in use before: 60.1 MB.
System memory in use after: 60.2 MB.

Unloading 5 unused Assets to reduce memory usage. Loaded Objects now: 1593.
Total: 3.192200 ms (FindLiveObjects: 0.335400 ms CreateObjectMapping: 0.122000 ms MarkObjects: 2.668100 ms  DeleteObjects: 0.064600 ms)

========================================================================
Received Prepare
Registering precompiled user dll's ...
Registered in 0.000753 seconds.
Begin MonoManager ReloadAssembly
Native extension for WindowsStandalone target not found
Refreshing native plugins compatible for Editor in 0.26 ms, found 0 plugins.
Preloading 0 native plugins for Editor in 0.00 ms.
Invoked RoslynAnalysisRunner static constructor.
RoslynAnalysisRunner will not be running.
RoslynAnalysisRunner has terminated.
Mono: successfully reloaded assembly
- Completed reload, in  1.243 seconds
Platform modules already initialized, skipping
Refreshing native plugins compatible for Editor in 0.25 ms, found 0 plugins.
Preloading 0 native plugins for Editor in 0.00 ms.
Unloading 1109 Unused Serialized files (Serialized files now loaded: 0)
System memory in use before: 60.1 MB.
System memory in use after: 60.2 MB.

Unloading 5 unused Assets to reduce memory usage. Loaded Objects now: 1596.
Total: 3.461900 ms (FindLiveObjects: 0.261500 ms CreateObjectMapping: 0.085900 ms MarkObjects: 3.033800 ms  DeleteObjects: 0.078400 ms)

========================================================================
Received Prepare
Registering precompiled user dll's ...
Registered in 0.000773 seconds.
Begin MonoManager ReloadAssembly
Native extension for WindowsStandalone target not found
Refreshing native plugins compatible for Editor in 0.28 ms, found 0 plugins.
Preloading 0 native plugins for Editor in 0.00 ms.
Invoked RoslynAnalysisRunner static constructor.
RoslynAnalysisRunner will not be running.
RoslynAnalysisRunner has terminated.
Mono: successfully reloaded assembly
- Completed reload, in  1.290 seconds
Platform modules already initialized, skipping
Refreshing native plugins compatible for Editor in 0.25 ms, found 0 plugins.
Preloading 0 native plugins for Editor in 0.00 ms.
Unloading 1109 Unused Serialized files (Serialized files now loaded: 0)
System memory in use before: 60.1 MB.
System memory in use after: 60.2 MB.

Unloading 5 unused Assets to reduce memory usage. Loaded Objects now: 1599.
Total: 4.618700 ms (FindLiveObjects: 0.361100 ms CreateObjectMapping: 0.109000 ms MarkObjects: 4.016200 ms  DeleteObjects: 0.129000 ms)

AssetImportWorkerClient::OnTransportError - code=2 error=End of file
