Using pre-set license
Built from '2020.3/release' branch; Version is '2020.3.1f1 (77a89f25062f) revision 7841951'; Using compiler version '192528614'; Build Type 'Release'
OS: 'Windows 10 Home; OS build 19041.928; Version 2004; 64bit' Language: 'en' Physical Memory: 16226 MB
BatchMode: 1, IsHumanControllingUs: 0, StartBugReporterOnCrash: 0, Is64bit: 1, IsPro: 0

 COMMAND LINE ARGUMENTS:
C:\Program Files\Unity\Hub\Editor\2020.3.1f1\Editor\Unity.exe
-adb2
-batchMode
-noUpm
-name
AssetImportWorker0
-projectPath
D:/DDocuments/My Games/RobotKittensOpdracht/RobotKittensOpdrachtUnity
-logFile
Logs/AssetImportWorker0.log
-srvPort
61799
Successfully changed project path to: D:/DDocuments/My Games/RobotKittensOpdracht/RobotKittensOpdrachtUnity
D:/DDocuments/My Games/RobotKittensOpdracht/RobotKittensOpdrachtUnity
Using Asset Import Pipeline V2.
Refreshing native plugins compatible for Editor in 37.81 ms, found 0 plugins.
Preloading 0 native plugins for Editor in 0.00 ms.
Initialize engine version: 2020.3.1f1 (77a89f25062f)
[Subsystems] Discovering subsystems at path C:/Program Files/Unity/Hub/Editor/2020.3.1f1/Editor/Data/Resources/UnitySubsystems
[Subsystems] Discovering subsystems at path D:/DDocuments/My Games/RobotKittensOpdracht/RobotKittensOpdrachtUnity/Assets
GfxDevice: creating device client; threaded=0
Direct3D:
    Version:  Direct3D 11.0 [level 11.1]
    Renderer: NVIDIA GeForce GTX 1060 (ID=0x1c20)
    Vendor:   
    VRAM:     6052 MB
    Driver:   27.21.14.6192
Initialize mono
Mono path[0] = 'C:/Program Files/Unity/Hub/Editor/2020.3.1f1/Editor/Data/Managed'
Mono path[1] = 'C:/Program Files/Unity/Hub/Editor/2020.3.1f1/Editor/Data/MonoBleedingEdge/lib/mono/unityjit'
Mono config path = 'C:/Program Files/Unity/Hub/Editor/2020.3.1f1/Editor/Data/MonoBleedingEdge/etc'
Using monoOptions --debugger-agent=transport=dt_socket,embedding=1,server=y,suspend=n,address=127.0.0.1:56660
Begin MonoManager ReloadAssembly
Registering precompiled unity dll's ...
Register platform support module: C:/Program Files/Unity/Hub/Editor/2020.3.1f1/Editor/Data/PlaybackEngines/WindowsStandaloneSupport/UnityEditor.WindowsStandalone.Extensions.dll
Registered in 0.004275 seconds.
Native extension for WindowsStandalone target not found
Refreshing native plugins compatible for Editor in 38.26 ms, found 0 plugins.
Preloading 0 native plugins for Editor in 0.00 ms.
Invoked RoslynAnalysisRunner static constructor.
RoslynAnalysisRunner will not be running.
RoslynAnalysisRunner has terminated.
Mono: successfully reloaded assembly
- Completed reload, in  3.188 seconds
Platform modules already initialized, skipping
Registering precompiled user dll's ...
Registered in 0.000800 seconds.
Begin MonoManager ReloadAssembly
Native extension for WindowsStandalone target not found
Refreshing native plugins compatible for Editor in 0.52 ms, found 0 plugins.
Preloading 0 native plugins for Editor in 0.00 ms.
Invoked RoslynAnalysisRunner static constructor.
RoslynAnalysisRunner will not be running.
RoslynAnalysisRunner has terminated.
Mono: successfully reloaded assembly
- Completed reload, in  1.478 seconds
Platform modules already initialized, skipping
========================================================================
Worker process is ready to serve import requests
Launched and connected shader compiler UnityShaderCompiler.exe after 0.08 seconds
Refreshing native plugins compatible for Editor in 0.25 ms, found 0 plugins.
Preloading 0 native plugins for Editor in 0.00 ms.
Unloading 1118 Unused Serialized files (Serialized files now loaded: 0)
System memory in use before: 57.0 MB.
System memory in use after: 57.0 MB.

Unloading 10 unused Assets to reduce memory usage. Loaded Objects now: 1561.
Total: 2.250000 ms (FindLiveObjects: 0.169100 ms CreateObjectMapping: 0.050900 ms MarkObjects: 1.927200 ms  DeleteObjects: 0.101100 ms)

========================================================================
Received Import Request.
  path: Assets/Images/BackgroundTree.png
  artifactKey: Guid(340f0c8191a817e46892db218ea69f5d) Importer(815301076,1909f56bfc062723c751e8b465ee728b)
Start importing Assets/Images/BackgroundTree.png using Guid(340f0c8191a817e46892db218ea69f5d) Importer(815301076,1909f56bfc062723c751e8b465ee728b)  -> (artifact id: '83dd5a4693b953d684e96b817649f15f') in 0.226097 seconds
  Import took 0.228842 seconds .

========================================================================
Received Import Request.
  Time since last request: 212.429847 seconds.
  path: Assets/Images/BackgroundSky.jpg
  artifactKey: Guid(3dbf0590577ca224698ad63d7829ae5f) Importer(815301076,1909f56bfc062723c751e8b465ee728b)
Start importing Assets/Images/BackgroundSky.jpg using Guid(3dbf0590577ca224698ad63d7829ae5f) Importer(815301076,1909f56bfc062723c751e8b465ee728b)  -> (artifact id: '7ec16fbe2939a61403f58e004771bb14') in 0.029290 seconds
  Import took 0.032826 seconds .

========================================================================
Received Import Request.
  Time since last request: 3.536199 seconds.
  path: Assets/Images/BackgroundSky.jpg
  artifactKey: Guid(3dbf0590577ca224698ad63d7829ae5f) Importer(815301076,1909f56bfc062723c751e8b465ee728b)
Start importing Assets/Images/BackgroundSky.jpg using Guid(3dbf0590577ca224698ad63d7829ae5f) Importer(815301076,1909f56bfc062723c751e8b465ee728b)  -> (artifact id: '5e6ec85c4b337a83da0f9d4e326ed561') in 0.014689 seconds
  Import took 0.017840 seconds .

========================================================================
Received Import Request.
  Time since last request: 174.613195 seconds.
  path: Assets/Materials
  artifactKey: Guid(8f03f09fa83fe7d42b17e2acd91438b3) Importer(815301076,1909f56bfc062723c751e8b465ee728b)
Start importing Assets/Materials using Guid(8f03f09fa83fe7d42b17e2acd91438b3) Importer(815301076,1909f56bfc062723c751e8b465ee728b)  -> (artifact id: '9a559e76db1fde49a62b04088dd88206') in 0.002006 seconds
  Import took 0.004849 seconds .

========================================================================
Received Import Request.
  Time since last request: 7.224238 seconds.
  path: Assets/Materials/BackgroundMat.mat
  artifactKey: Guid(02c9d18309d9f0f44af09bb4b31c7b81) Importer(815301076,1909f56bfc062723c751e8b465ee728b)
Start importing Assets/Materials/BackgroundMat.mat using Guid(02c9d18309d9f0f44af09bb4b31c7b81) Importer(815301076,1909f56bfc062723c751e8b465ee728b)  -> (artifact id: '24a4d0c48323d2683f97ef862c60e660') in 0.165670 seconds
  Import took 0.168534 seconds .

========================================================================
Received Import Request.
  Time since last request: 426.088421 seconds.
  path: Assets/Images/BackgroundSky.jpg
  artifactKey: Guid(3dbf0590577ca224698ad63d7829ae5f) Importer(815301076,1909f56bfc062723c751e8b465ee728b)
Start importing Assets/Images/BackgroundSky.jpg using Guid(3dbf0590577ca224698ad63d7829ae5f) Importer(815301076,1909f56bfc062723c751e8b465ee728b)  -> (artifact id: '2ff31daae24ac147cd1bf1c6f01b8b41') in 0.021147 seconds
  Import took 0.026932 seconds .

========================================================================
Received Import Request.
  Time since last request: 0.000393 seconds.
  path: Assets/Images/BackgroundTree.png
  artifactKey: Guid(340f0c8191a817e46892db218ea69f5d) Importer(815301076,1909f56bfc062723c751e8b465ee728b)
Start importing Assets/Images/BackgroundTree.png using Guid(340f0c8191a817e46892db218ea69f5d) Importer(815301076,1909f56bfc062723c751e8b465ee728b)  -> (artifact id: 'deefecde8998ed7b75f849ddd1363a6c') in 0.012651 seconds
  Import took 0.015360 seconds .

========================================================================
Received Import Request.
  Time since last request: 199.810459 seconds.
  path: Assets/Images/BackgroundClouds.png
  artifactKey: Guid(28d484954629a59449be0591aa67045c) Importer(815301076,1909f56bfc062723c751e8b465ee728b)
Start importing Assets/Images/BackgroundClouds.png using Guid(28d484954629a59449be0591aa67045c) Importer(815301076,1909f56bfc062723c751e8b465ee728b)  -> (artifact id: '11ec645d31eded6910f9163c8573ace7') in 0.026341 seconds
  Import took 0.029420 seconds .

========================================================================
Received Import Request.
  Time since last request: 0.000401 seconds.
  path: Assets/Images/BackgroundSky.jpg
  artifactKey: Guid(3dbf0590577ca224698ad63d7829ae5f) Importer(815301076,1909f56bfc062723c751e8b465ee728b)
Start importing Assets/Images/BackgroundSky.jpg using Guid(3dbf0590577ca224698ad63d7829ae5f) Importer(815301076,1909f56bfc062723c751e8b465ee728b)  -> (artifact id: 'f3907708d85fa54aadf3632c3713d99a') in 0.014523 seconds
  Import took 0.017185 seconds .

========================================================================
Received Import Request.
  Time since last request: 4.912281 seconds.
  path: Assets/Images/BackgroundClouds.png
  artifactKey: Guid(28d484954629a59449be0591aa67045c) Importer(815301076,1909f56bfc062723c751e8b465ee728b)
Start importing Assets/Images/BackgroundClouds.png using Guid(28d484954629a59449be0591aa67045c) Importer(815301076,1909f56bfc062723c751e8b465ee728b)  -> (artifact id: 'd9edeeef7e73251e10e6866a8a2e8918') in 0.014006 seconds
  Import took 0.016843 seconds .

========================================================================
Received Prepare
Registering precompiled user dll's ...
Registered in 0.000823 seconds.
Begin MonoManager ReloadAssembly
Native extension for WindowsStandalone target not found
Refreshing native plugins compatible for Editor in 0.27 ms, found 0 plugins.
Preloading 0 native plugins for Editor in 0.00 ms.
Invoked RoslynAnalysisRunner static constructor.
RoslynAnalysisRunner will not be running.
RoslynAnalysisRunner has terminated.
Mono: successfully reloaded assembly
- Completed reload, in  1.263 seconds
Platform modules already initialized, skipping
Refreshing native plugins compatible for Editor in 0.26 ms, found 0 plugins.
Preloading 0 native plugins for Editor in 0.00 ms.
Unloading 1113 Unused Serialized files (Serialized files now loaded: 0)
System memory in use before: 60.3 MB.
System memory in use after: 60.4 MB.

Unloading 5 unused Assets to reduce memory usage. Loaded Objects now: 1610.
Total: 2.320200 ms (FindLiveObjects: 0.210400 ms CreateObjectMapping: 0.108900 ms MarkObjects: 1.940700 ms  DeleteObjects: 0.059000 ms)

========================================================================
Received Prepare
Registering precompiled user dll's ...
Registered in 0.000822 seconds.
Begin MonoManager ReloadAssembly
Native extension for WindowsStandalone target not found
Refreshing native plugins compatible for Editor in 0.26 ms, found 0 plugins.
Preloading 0 native plugins for Editor in 0.00 ms.
Invoked RoslynAnalysisRunner static constructor.
RoslynAnalysisRunner will not be running.
RoslynAnalysisRunner has terminated.
Mono: successfully reloaded assembly
- Completed reload, in  1.302 seconds
Platform modules already initialized, skipping
Refreshing native plugins compatible for Editor in 0.26 ms, found 0 plugins.
Preloading 0 native plugins for Editor in 0.00 ms.
Unloading 1113 Unused Serialized files (Serialized files now loaded: 0)
System memory in use before: 60.4 MB.
System memory in use after: 60.4 MB.

Unloading 5 unused Assets to reduce memory usage. Loaded Objects now: 1613.
Total: 2.353200 ms (FindLiveObjects: 0.190700 ms CreateObjectMapping: 0.056200 ms MarkObjects: 2.039400 ms  DeleteObjects: 0.065900 ms)

========================================================================
Received Import Request.
  Time since last request: 274.825852 seconds.
  path: Assets/Images/BackgroundClouds.png
  artifactKey: Guid(28d484954629a59449be0591aa67045c) Importer(815301076,1909f56bfc062723c751e8b465ee728b)
Start importing Assets/Images/BackgroundClouds.png using Guid(28d484954629a59449be0591aa67045c) Importer(815301076,1909f56bfc062723c751e8b465ee728b)  -> (artifact id: '27fbd62576ba17d30db8250795a809a0') in 0.086463 seconds
  Import took 0.089290 seconds .

========================================================================
Received Import Request.
  Time since last request: 0.000401 seconds.
  path: Assets/Images/BackgroundSky.jpg
  artifactKey: Guid(3dbf0590577ca224698ad63d7829ae5f) Importer(815301076,1909f56bfc062723c751e8b465ee728b)
Start importing Assets/Images/BackgroundSky.jpg using Guid(3dbf0590577ca224698ad63d7829ae5f) Importer(815301076,1909f56bfc062723c751e8b465ee728b)  -> (artifact id: 'f3d40c79151846c8daf6fd649a5e25fb') in 0.013550 seconds
  Import took 0.016155 seconds .

========================================================================
Received Import Request.
  Time since last request: 0.000371 seconds.
  path: Assets/Images/BackgroundTree.png
  artifactKey: Guid(340f0c8191a817e46892db218ea69f5d) Importer(815301076,1909f56bfc062723c751e8b465ee728b)
Start importing Assets/Images/BackgroundTree.png using Guid(340f0c8191a817e46892db218ea69f5d) Importer(815301076,1909f56bfc062723c751e8b465ee728b)  -> (artifact id: '539006a65b4dbf1a4cb7f978da7cd0be') in 0.012656 seconds
  Import took 0.015422 seconds .

========================================================================
Received Prepare
Registering precompiled user dll's ...
Registered in 0.000915 seconds.
Begin MonoManager ReloadAssembly
Native extension for WindowsStandalone target not found
Refreshing native plugins compatible for Editor in 0.27 ms, found 0 plugins.
Preloading 0 native plugins for Editor in 0.00 ms.
Invoked RoslynAnalysisRunner static constructor.
RoslynAnalysisRunner will not be running.
RoslynAnalysisRunner has terminated.
Mono: successfully reloaded assembly
- Completed reload, in  1.293 seconds
Platform modules already initialized, skipping
Refreshing native plugins compatible for Editor in 0.25 ms, found 0 plugins.
Preloading 0 native plugins for Editor in 0.00 ms.
Unloading 1113 Unused Serialized files (Serialized files now loaded: 0)
System memory in use before: 60.4 MB.
System memory in use after: 60.5 MB.

Unloading 5 unused Assets to reduce memory usage. Loaded Objects now: 1617.
Total: 5.022900 ms (FindLiveObjects: 0.360000 ms CreateObjectMapping: 0.114700 ms MarkObjects: 4.406900 ms  DeleteObjects: 0.138300 ms)

========================================================================
Received Import Request.
  Time since last request: 834.109544 seconds.
  path: Assets/Materials/BackgroundMat.mat
  artifactKey: Guid(02c9d18309d9f0f44af09bb4b31c7b81) Importer(815301076,1909f56bfc062723c751e8b465ee728b)
Start importing Assets/Materials/BackgroundMat.mat using Guid(02c9d18309d9f0f44af09bb4b31c7b81) Importer(815301076,1909f56bfc062723c751e8b465ee728b)  -> (artifact id: 'b86379483799ef0da75613311fa15e3b') in 0.099794 seconds
  Import took 0.102633 seconds .

========================================================================
Received Prepare
Registering precompiled user dll's ...
Registered in 0.000829 seconds.
Begin MonoManager ReloadAssembly
Native extension for WindowsStandalone target not found
Refreshing native plugins compatible for Editor in 0.30 ms, found 0 plugins.
Preloading 0 native plugins for Editor in 0.00 ms.
Invoked RoslynAnalysisRunner static constructor.
RoslynAnalysisRunner will not be running.
RoslynAnalysisRunner has terminated.
Mono: successfully reloaded assembly
- Completed reload, in  1.314 seconds
Platform modules already initialized, skipping
Refreshing native plugins compatible for Editor in 0.26 ms, found 0 plugins.
Preloading 0 native plugins for Editor in 0.00 ms.
Unloading 1113 Unused Serialized files (Serialized files now loaded: 0)
System memory in use before: 60.4 MB.
System memory in use after: 60.5 MB.

Unloading 5 unused Assets to reduce memory usage. Loaded Objects now: 1621.
Total: 4.116600 ms (FindLiveObjects: 0.363000 ms CreateObjectMapping: 0.103000 ms MarkObjects: 3.536800 ms  DeleteObjects: 0.111300 ms)

========================================================================
Received Prepare
Registering precompiled user dll's ...
Registered in 0.000769 seconds.
Begin MonoManager ReloadAssembly
Native extension for WindowsStandalone target not found
Refreshing native plugins compatible for Editor in 0.28 ms, found 0 plugins.
Preloading 0 native plugins for Editor in 0.00 ms.
Invoked RoslynAnalysisRunner static constructor.
RoslynAnalysisRunner will not be running.
RoslynAnalysisRunner has terminated.
Mono: successfully reloaded assembly
- Completed reload, in  1.292 seconds
Platform modules already initialized, skipping
Refreshing native plugins compatible for Editor in 0.28 ms, found 0 plugins.
Preloading 0 native plugins for Editor in 0.00 ms.
Unloading 1113 Unused Serialized files (Serialized files now loaded: 0)
System memory in use before: 60.4 MB.
System memory in use after: 60.5 MB.

Unloading 5 unused Assets to reduce memory usage. Loaded Objects now: 1624.
Total: 2.581300 ms (FindLiveObjects: 0.238300 ms CreateObjectMapping: 0.086600 ms MarkObjects: 2.192200 ms  DeleteObjects: 0.062800 ms)

========================================================================
Received Prepare
Registering precompiled user dll's ...
Registered in 0.000772 seconds.
Begin MonoManager ReloadAssembly
Native extension for WindowsStandalone target not found
Refreshing native plugins compatible for Editor in 0.29 ms, found 0 plugins.
Preloading 0 native plugins for Editor in 0.00 ms.
Invoked RoslynAnalysisRunner static constructor.
RoslynAnalysisRunner will not be running.
RoslynAnalysisRunner has terminated.
Mono: successfully reloaded assembly
- Completed reload, in  1.280 seconds
Platform modules already initialized, skipping
Refreshing native plugins compatible for Editor in 0.28 ms, found 0 plugins.
Preloading 0 native plugins for Editor in 0.00 ms.
Unloading 1113 Unused Serialized files (Serialized files now loaded: 0)
System memory in use before: 60.4 MB.
System memory in use after: 60.5 MB.

Unloading 5 unused Assets to reduce memory usage. Loaded Objects now: 1627.
Total: 3.035400 ms (FindLiveObjects: 0.347500 ms CreateObjectMapping: 0.153900 ms MarkObjects: 2.461500 ms  DeleteObjects: 0.070300 ms)

========================================================================
Received Prepare
Registering precompiled user dll's ...
Registered in 0.000808 seconds.
Begin MonoManager ReloadAssembly
Native extension for WindowsStandalone target not found
Refreshing native plugins compatible for Editor in 0.26 ms, found 0 plugins.
Preloading 0 native plugins for Editor in 0.00 ms.
Invoked RoslynAnalysisRunner static constructor.
RoslynAnalysisRunner will not be running.
RoslynAnalysisRunner has terminated.
Mono: successfully reloaded assembly
- Completed reload, in  1.281 seconds
Platform modules already initialized, skipping
Refreshing native plugins compatible for Editor in 0.27 ms, found 0 plugins.
Preloading 0 native plugins for Editor in 0.00 ms.
Unloading 1113 Unused Serialized files (Serialized files now loaded: 0)
System memory in use before: 60.4 MB.
System memory in use after: 60.5 MB.

Unloading 5 unused Assets to reduce memory usage. Loaded Objects now: 1630.
Total: 4.392800 ms (FindLiveObjects: 0.331700 ms CreateObjectMapping: 0.145700 ms MarkObjects: 3.811600 ms  DeleteObjects: 0.100900 ms)

========================================================================
Received Prepare
Registering precompiled user dll's ...
Registered in 0.000785 seconds.
Begin MonoManager ReloadAssembly
Native extension for WindowsStandalone target not found
Refreshing native plugins compatible for Editor in 0.27 ms, found 0 plugins.
Preloading 0 native plugins for Editor in 0.00 ms.
Invoked RoslynAnalysisRunner static constructor.
RoslynAnalysisRunner will not be running.
RoslynAnalysisRunner has terminated.
Mono: successfully reloaded assembly
- Completed reload, in  1.287 seconds
Platform modules already initialized, skipping
Refreshing native plugins compatible for Editor in 0.26 ms, found 0 plugins.
Preloading 0 native plugins for Editor in 0.00 ms.
Unloading 1113 Unused Serialized files (Serialized files now loaded: 0)
System memory in use before: 60.4 MB.
System memory in use after: 60.5 MB.

Unloading 5 unused Assets to reduce memory usage. Loaded Objects now: 1633.
Total: 3.895100 ms (FindLiveObjects: 0.287600 ms CreateObjectMapping: 0.090200 ms MarkObjects: 3.413000 ms  DeleteObjects: 0.101100 ms)

========================================================================
Received Prepare
Registering precompiled user dll's ...
Registered in 0.000837 seconds.
Begin MonoManager ReloadAssembly
Native extension for WindowsStandalone target not found
Refreshing native plugins compatible for Editor in 0.26 ms, found 0 plugins.
Preloading 0 native plugins for Editor in 0.00 ms.
Invoked RoslynAnalysisRunner static constructor.
RoslynAnalysisRunner will not be running.
RoslynAnalysisRunner has terminated.
Mono: successfully reloaded assembly
- Completed reload, in  1.272 seconds
Platform modules already initialized, skipping
Refreshing native plugins compatible for Editor in 0.27 ms, found 0 plugins.
Preloading 0 native plugins for Editor in 0.00 ms.
Unloading 1113 Unused Serialized files (Serialized files now loaded: 0)
System memory in use before: 60.4 MB.
System memory in use after: 60.5 MB.

Unloading 5 unused Assets to reduce memory usage. Loaded Objects now: 1636.
Total: 2.701900 ms (FindLiveObjects: 0.181900 ms CreateObjectMapping: 0.056400 ms MarkObjects: 2.400000 ms  DeleteObjects: 0.062000 ms)

========================================================================
Received Import Request.
  Time since last request: 225.015276 seconds.
  path: Assets/Materials/BackgroundMat.mat
  artifactKey: Guid(02c9d18309d9f0f44af09bb4b31c7b81) Importer(815301076,1909f56bfc062723c751e8b465ee728b)
Start importing Assets/Materials/BackgroundMat.mat using Guid(02c9d18309d9f0f44af09bb4b31c7b81) Importer(815301076,1909f56bfc062723c751e8b465ee728b)  -> (artifact id: '77e4eaf022c6d0e8871a7a0924682455') in 0.091141 seconds
  Import took 0.094491 seconds .

========================================================================
Received Prepare
Registering precompiled user dll's ...
Registered in 0.000798 seconds.
Begin MonoManager ReloadAssembly
Native extension for WindowsStandalone target not found
Refreshing native plugins compatible for Editor in 0.26 ms, found 0 plugins.
Preloading 0 native plugins for Editor in 0.00 ms.
Invoked RoslynAnalysisRunner static constructor.
RoslynAnalysisRunner will not be running.
RoslynAnalysisRunner has terminated.
Mono: successfully reloaded assembly
- Completed reload, in  1.231 seconds
Platform modules already initialized, skipping
Refreshing native plugins compatible for Editor in 0.26 ms, found 0 plugins.
Preloading 0 native plugins for Editor in 0.00 ms.
Unloading 1113 Unused Serialized files (Serialized files now loaded: 0)
System memory in use before: 60.4 MB.
System memory in use after: 60.5 MB.

Unloading 5 unused Assets to reduce memory usage. Loaded Objects now: 1640.
Total: 2.811200 ms (FindLiveObjects: 0.191400 ms CreateObjectMapping: 0.057800 ms MarkObjects: 2.485100 ms  DeleteObjects: 0.075300 ms)

========================================================================
Received Import Request.
  Time since last request: 12.839404 seconds.
  path: Assets/Materials/BackgroundMat 1.mat
  artifactKey: Guid(01ec6caa41f446e4f97fdb63340d9979) Importer(815301076,1909f56bfc062723c751e8b465ee728b)
Start importing Assets/Materials/BackgroundMat 1.mat using Guid(01ec6caa41f446e4f97fdb63340d9979) Importer(815301076,1909f56bfc062723c751e8b465ee728b)  -> (artifact id: 'e6e96ce002b2f14817831e0b681fa322') in 0.093856 seconds
  Import took 0.096964 seconds .

========================================================================
Received Import Request.
  Time since last request: 0.000388 seconds.
  path: Assets/Materials/BackgroundMat.mat
  artifactKey: Guid(02c9d18309d9f0f44af09bb4b31c7b81) Importer(815301076,1909f56bfc062723c751e8b465ee728b)
Start importing Assets/Materials/BackgroundMat.mat using Guid(02c9d18309d9f0f44af09bb4b31c7b81) Importer(815301076,1909f56bfc062723c751e8b465ee728b)  -> (artifact id: '2f2761ee9b3eb53c462c9fbd92a6dae4') in 0.010766 seconds
  Import took 0.013799 seconds .

========================================================================
Received Import Request.
  Time since last request: 11.839713 seconds.
  path: Assets/Materials/BackgroundMat 2.mat
  artifactKey: Guid(b8cd62be7a9017441b0df43e436aeaf6) Importer(815301076,1909f56bfc062723c751e8b465ee728b)
Start importing Assets/Materials/BackgroundMat 2.mat using Guid(b8cd62be7a9017441b0df43e436aeaf6) Importer(815301076,1909f56bfc062723c751e8b465ee728b)  -> (artifact id: 'aff3089aa32db2eed8248b8e59c11bfc') in 0.014089 seconds
  Import took 0.017044 seconds .

========================================================================
Received Prepare
Registering precompiled user dll's ...
Registered in 0.000847 seconds.
Begin MonoManager ReloadAssembly
Native extension for WindowsStandalone target not found
Refreshing native plugins compatible for Editor in 0.31 ms, found 0 plugins.
Preloading 0 native plugins for Editor in 0.00 ms.
Invoked RoslynAnalysisRunner static constructor.
RoslynAnalysisRunner will not be running.
RoslynAnalysisRunner has terminated.
Mono: successfully reloaded assembly
- Completed reload, in  1.251 seconds
Platform modules already initialized, skipping
Refreshing native plugins compatible for Editor in 0.26 ms, found 0 plugins.
Preloading 0 native plugins for Editor in 0.00 ms.
Unloading 1113 Unused Serialized files (Serialized files now loaded: 0)
System memory in use before: 60.5 MB.
System memory in use after: 60.5 MB.

Unloading 5 unused Assets to reduce memory usage. Loaded Objects now: 1644.
Total: 3.007600 ms (FindLiveObjects: 0.228800 ms CreateObjectMapping: 0.074000 ms MarkObjects: 2.625100 ms  DeleteObjects: 0.078100 ms)

========================================================================
Received Prepare
Registering precompiled user dll's ...
Registered in 0.000801 seconds.
Begin MonoManager ReloadAssembly
Native extension for WindowsStandalone target not found
Refreshing native plugins compatible for Editor in 0.26 ms, found 0 plugins.
Preloading 0 native plugins for Editor in 0.00 ms.
Invoked RoslynAnalysisRunner static constructor.
RoslynAnalysisRunner will not be running.
RoslynAnalysisRunner has terminated.
Mono: successfully reloaded assembly
- Completed reload, in  1.271 seconds
Platform modules already initialized, skipping
Refreshing native plugins compatible for Editor in 0.28 ms, found 0 plugins.
Preloading 0 native plugins for Editor in 0.00 ms.
Unloading 1113 Unused Serialized files (Serialized files now loaded: 0)
System memory in use before: 60.5 MB.
System memory in use after: 60.5 MB.

Unloading 5 unused Assets to reduce memory usage. Loaded Objects now: 1647.
Total: 2.696400 ms (FindLiveObjects: 0.183200 ms CreateObjectMapping: 0.050100 ms MarkObjects: 2.395200 ms  DeleteObjects: 0.066000 ms)

========================================================================
Received Import Request.
  Time since last request: 132.670696 seconds.
  path: Assets/Materials/BackgroundMat 2.mat
  artifactKey: Guid(b8cd62be7a9017441b0df43e436aeaf6) Importer(815301076,1909f56bfc062723c751e8b465ee728b)
Start importing Assets/Materials/BackgroundMat 2.mat using Guid(b8cd62be7a9017441b0df43e436aeaf6) Importer(815301076,1909f56bfc062723c751e8b465ee728b)  -> (artifact id: 'e14f32d0513bb827a1a399b288d58650') in 0.083884 seconds
  Import took 0.086776 seconds .

========================================================================
Received Import Request.
  Time since last request: 0.000374 seconds.
  path: Assets/Materials/BackgroundMat 1.mat
  artifactKey: Guid(01ec6caa41f446e4f97fdb63340d9979) Importer(815301076,1909f56bfc062723c751e8b465ee728b)
Start importing Assets/Materials/BackgroundMat 1.mat using Guid(01ec6caa41f446e4f97fdb63340d9979) Importer(815301076,1909f56bfc062723c751e8b465ee728b)  -> (artifact id: '74a1b65478eb15d514a841eaf7b85002') in 0.011026 seconds
  Import took 0.013722 seconds .

========================================================================
Received Import Request.
  Time since last request: 0.000376 seconds.
  path: Assets/Materials/BackgroundMat.mat
  artifactKey: Guid(02c9d18309d9f0f44af09bb4b31c7b81) Importer(815301076,1909f56bfc062723c751e8b465ee728b)
Start importing Assets/Materials/BackgroundMat.mat using Guid(02c9d18309d9f0f44af09bb4b31c7b81) Importer(815301076,1909f56bfc062723c751e8b465ee728b)  -> (artifact id: 'cb0392edae2f764fbb1ffd1cd3074d92') in 0.009909 seconds
  Import took 0.012713 seconds .

========================================================================
Received Prepare
Registering precompiled user dll's ...
Registered in 0.000788 seconds.
Begin MonoManager ReloadAssembly
Native extension for WindowsStandalone target not found
Refreshing native plugins compatible for Editor in 0.28 ms, found 0 plugins.
Preloading 0 native plugins for Editor in 0.00 ms.
Invoked RoslynAnalysisRunner static constructor.
RoslynAnalysisRunner will not be running.
RoslynAnalysisRunner has terminated.
Mono: successfully reloaded assembly
- Completed reload, in  1.297 seconds
Platform modules already initialized, skipping
Refreshing native plugins compatible for Editor in 0.26 ms, found 0 plugins.
Preloading 0 native plugins for Editor in 0.00 ms.
Unloading 1113 Unused Serialized files (Serialized files now loaded: 0)
System memory in use before: 60.5 MB.
System memory in use after: 60.6 MB.

Unloading 5 unused Assets to reduce memory usage. Loaded Objects now: 1651.
Total: 4.627900 ms (FindLiveObjects: 0.305700 ms CreateObjectMapping: 0.098000 ms MarkObjects: 4.097100 ms  DeleteObjects: 0.124300 ms)

========================================================================
Received Prepare
Registering precompiled user dll's ...
Registered in 0.000803 seconds.
Begin MonoManager ReloadAssembly
Native extension for WindowsStandalone target not found
Refreshing native plugins compatible for Editor in 0.27 ms, found 0 plugins.
Preloading 0 native plugins for Editor in 0.00 ms.
Invoked RoslynAnalysisRunner static constructor.
RoslynAnalysisRunner will not be running.
RoslynAnalysisRunner has terminated.
Mono: successfully reloaded assembly
- Completed reload, in  1.281 seconds
Platform modules already initialized, skipping
Refreshing native plugins compatible for Editor in 0.26 ms, found 0 plugins.
Preloading 0 native plugins for Editor in 0.00 ms.
Unloading 1113 Unused Serialized files (Serialized files now loaded: 0)
System memory in use before: 60.5 MB.
System memory in use after: 60.6 MB.

Unloading 5 unused Assets to reduce memory usage. Loaded Objects now: 1654.
Total: 3.289700 ms (FindLiveObjects: 0.252300 ms CreateObjectMapping: 0.072900 ms MarkObjects: 2.881600 ms  DeleteObjects: 0.080800 ms)

========================================================================
Received Prepare
Registering precompiled user dll's ...
Registered in 0.000856 seconds.
Begin MonoManager ReloadAssembly
Native extension for WindowsStandalone target not found
Refreshing native plugins compatible for Editor in 0.42 ms, found 0 plugins.
Preloading 0 native plugins for Editor in 0.00 ms.
Invoked RoslynAnalysisRunner static constructor.
RoslynAnalysisRunner will not be running.
RoslynAnalysisRunner has terminated.
Mono: successfully reloaded assembly
- Completed reload, in  1.376 seconds
Platform modules already initialized, skipping
Refreshing native plugins compatible for Editor in 0.26 ms, found 0 plugins.
Preloading 0 native plugins for Editor in 0.00 ms.
Unloading 1113 Unused Serialized files (Serialized files now loaded: 0)
System memory in use before: 60.5 MB.
System memory in use after: 60.6 MB.

Unloading 5 unused Assets to reduce memory usage. Loaded Objects now: 1657.
Total: 2.363800 ms (FindLiveObjects: 0.197300 ms CreateObjectMapping: 0.053600 ms MarkObjects: 2.043200 ms  DeleteObjects: 0.067800 ms)

========================================================================
Received Import Request.
  Time since last request: 159.059875 seconds.
  path: Assets/Materials/BackgroundMat 2.mat
  artifactKey: Guid(b8cd62be7a9017441b0df43e436aeaf6) Importer(815301076,1909f56bfc062723c751e8b465ee728b)
Start importing Assets/Materials/BackgroundMat 2.mat using Guid(b8cd62be7a9017441b0df43e436aeaf6) Importer(815301076,1909f56bfc062723c751e8b465ee728b)  -> (artifact id: 'a9b7239b1eb43570eef1a73a242dd9b7') in 0.098929 seconds
  Import took 0.103213 seconds .

========================================================================
Received Import Request.
  Time since last request: 0.000352 seconds.
  path: Assets/Materials/BackgroundMat 1.mat
  artifactKey: Guid(01ec6caa41f446e4f97fdb63340d9979) Importer(815301076,1909f56bfc062723c751e8b465ee728b)
Start importing Assets/Materials/BackgroundMat 1.mat using Guid(01ec6caa41f446e4f97fdb63340d9979) Importer(815301076,1909f56bfc062723c751e8b465ee728b)  -> (artifact id: 'a7dd1eab792af1c7a6f6cbf1ce12a374') in 0.011751 seconds
  Import took 0.014588 seconds .

